[2024-05-28T10:20:42.700Z] Right-click is disabled.
[2024-05-28T10:20:48.445Z] Switching applications is disabled.
[2024-05-28T10:21:06.697Z] Switching applications is disabled.
[2024-05-28T10:21:07.927Z] Switching applications is disabled.
[2024-05-28T10:21:09.613Z] Switching applications is disabled.
[2024-05-28T10:21:12.782Z] Switching applications is disabled.
[2024-05-28T10:22:32.625Z] Switching applications is disabled.
[2024-05-28T10:22:36.331Z] Switching applications is disabled.
[2024-05-28T10:25:27.987Z] External USB devices are not allowed.
[2024-05-28T10:25:36.969Z] Switching applications is disabled.
[2024-05-28T10:25:42.107Z] Switching applications is disabled.
[2024-05-28T10:25:46.071Z] Switching applications is disabled.
[2024-05-28T10:27:44.172Z] USB detection initialized.
[2024-05-28T10:27:46.178Z] External USB devices are not allowed.
[2024-05-28T10:27:50.762Z] External USB devices are not allowed.
[2024-05-28T10:27:53.361Z] External USB devices are not allowed.
[2024-05-28T10:27:56.398Z] External USB devices are not allowed.
[2024-05-28T11:15:50.389Z] USB detection initialized.
[2024-05-28T11:15:55.397Z] External USB devices are not allowed.
[2024-05-28T11:16:29.699Z] USB detection initialized.
[2024-05-28T11:16:34.701Z] External USB devices are not allowed.
[2024-05-28T11:16:47.719Z] USB detection initialized.
[2024-05-28T11:16:52.718Z] External USB devices are not allowed.
[2024-05-28T11:16:58.632Z] External USB devices are not allowed.
[2024-05-28T11:23:43.699Z] USB detection initialized.
[2024-05-28T11:23:47.526Z] Right-click is disabled.
[2024-05-28T11:23:49.578Z] External USB devices are not allowed.
[2024-05-28T11:23:51.113Z] Error detecting USB devices: ReferenceError: app is not defined
[2024-05-28T11:23:53.145Z] Right-click is disabled.
[2024-05-28T11:23:54.582Z] External USB devices are not allowed.
[2024-05-28T11:23:55.779Z] Error detecting USB devices: ReferenceError: app is not defined
[2024-05-28T11:23:57.160Z] Key combination is disabled.
[2024-05-28T11:24:00.733Z] External USB devices are not allowed.
[2024-05-28T11:24:02.597Z] Error detecting USB devices: ReferenceError: app is not defined
[2024-05-28T16:11:18.822Z] Switching applications is disabled.
[2024-05-28T16:11:47.173Z] Switching applications is disabled.
[2024-05-28T16:12:29.813Z] USB detection initialized.
[2024-05-28T16:12:32.516Z] Right-click is disabled.
[2024-05-28T16:12:36.516Z] Switching applications is disabled.
[2024-05-28T16:12:51.219Z] Switching applications is disabled.
[2024-05-28T16:12:53.614Z] Switching applications is disabled.
[2024-05-28T16:13:24.339Z] Copy action is disabled.
[2024-05-28T16:16:02.435Z] USB detection initialized.
[2024-05-28T16:16:03.022Z] Student joined in with {"studentID":"w0jvxnjui","ip":"106.213.175.21","city":"Surat","region":"Gujarat","country":"IN","location":"21.1959,72.8302","postal":"395005"}
[2024-05-28T16:17:54.202Z] Switching applications is disabled.
[2024-05-28T16:17:57.172Z] Switching applications is disabled.
[2024-05-28T16:17:58.439Z] Switching applications is disabled.
[2024-05-28T16:20:22.025Z] USB detection initialized.
[2024-05-28T16:20:22.723Z] Student joined in with {"studentID":"xyh5t7f5f","ip":"106.213.175.21","city":"Surat","region":"Gujarat","country":"IN","location":"21.1959,72.8302","postal":"395005"}
[2024-05-28T16:20:33.181Z] Right-click is disabled.
[2024-05-28T16:22:00.735Z] Right-click is disabled.
[2024-05-28T16:23:19.238Z] Switching applications is disabled.
[2024-05-28T16:23:22.558Z] Switching applications is disabled.
[2024-05-29T05:17:53.412Z] USB detection initialized.
[2024-05-29T05:17:54.035Z] Student joined in with {"studentID":"d6z17xptm","ip":"106.194.79.8","city":"Ahmedabad","region":"Gujarat","country":"IN","location":"23.0258,72.5873","postal":"380001"}
[2024-05-29T05:17:56.696Z] Switching applications is disabled.
[2024-05-29T05:17:59.936Z] Right-click is disabled.
[2024-05-29T05:18:03.859Z] Right-click is disabled.
[2024-05-29T05:18:08.361Z] Copy action is disabled.
[2024-05-29T05:18:10.167Z] Paste action is disabled.
[2024-05-29T05:18:15.935Z] Key combination is disabled.
[2024-05-29T05:18:33.177Z] Key combination is disabled.
[2024-05-29T05:18:49.378Z] Switching applications is disabled.
[2024-05-29T05:19:41.803Z] Switching applications is disabled.
[2024-05-29T05:19:45.409Z] Switching applications is disabled.
[2024-05-29T06:15:29.904Z] USB detection initialized.
[2024-05-29T06:15:30.877Z] Student joined in with {"studentID":"jiq00kpsx","ip":"106.213.175.21","city":"Surat","region":"Gujarat","country":"IN","location":"21.1959,72.8302","postal":"395005"}
[2024-05-29T06:15:52.785Z] Switching applications is disabled.
[2024-05-29T06:15:59.165Z] Right-click is disabled.
[2024-05-29T06:16:05.416Z] Copy action is disabled.
[2024-05-29T06:16:08.491Z] Paste action is disabled.
[2024-05-29T06:16:10.952Z] Key combination is disabled.
[2024-05-29T06:16:39.165Z] Switching applications is disabled.
[2024-05-29T06:21:14.169Z] Copy action is disabled.
[2024-05-29T06:21:48.216Z] Copy action is disabled.
[2024-05-29T06:21:57.882Z] Copy action is disabled.
[2024-05-29T06:29:13.257Z] USB detection initialized.
[2024-05-29T06:29:14.976Z] Student joined in with {"studentID":"76p80fav8","ip":"106.213.175.21","city":"Surat","region":"Gujarat","country":"IN","location":"21.1959,72.8302","postal":"395005"}
[2024-05-29T06:29:53.291Z] External USB devices are not allowed.
[2024-05-29T06:29:59.728Z] Error detecting USB devices: ReferenceError: app is not defined
[2024-05-29T06:29:59.739Z] External USB devices are not allowed.
[2024-05-29T06:30:00.855Z] Error detecting USB devices: ReferenceError: app is not defined
[2024-05-29T06:30:04.737Z] External USB devices are not allowed.
[2024-05-29T06:30:06.345Z] Error detecting USB devices: ReferenceError: app is not defined
[2024-05-29T06:30:09.740Z] External USB devices are not allowed.
[2024-05-29T06:30:10.857Z] Error detecting USB devices: ReferenceError: app is not defined
[2024-05-29T06:30:14.746Z] External USB devices are not allowed.
[2024-05-29T06:30:53.229Z] Error detecting USB devices: ReferenceError: app is not defined
[2024-05-29T06:31:40.668Z] Switching applications is disabled.
[2024-05-29T06:36:38.869Z] USB detection initialized.
[2024-05-29T06:36:39.597Z] Student joined in with {"studentID":"s9xd36iky","ip":"106.213.175.21","city":"Surat","region":"Gujarat","country":"IN","location":"21.1959,72.8302","postal":"395005"}
[2024-05-29T06:36:41.851Z] Switching applications is disabled.
[2024-05-29T06:36:54.438Z] Notes terminated successfully.
[2024-05-29T06:36:57.184Z] Switching applications is disabled.
[2024-05-29T06:40:02.218Z] Switching applications is disabled.
[2024-05-29T06:40:22.237Z] External USB devices are not allowed.
[2024-05-29T06:40:23.462Z] Error detecting USB devices: ReferenceError: app is not defined
[2024-05-29T06:40:27.241Z] External USB devices are not allowed.
[2024-05-29T06:40:28.376Z] Error detecting USB devices: ReferenceError: app is not defined
[2024-05-29T06:40:32.245Z] External USB devices are not allowed.
[2024-05-29T06:40:33.942Z] Error detecting USB devices: ReferenceError: app is not defined
[2024-05-29T06:40:41.129Z] Switching applications is disabled.
[2024-05-29T06:47:38.472Z] Copy action is disabled.
[2024-05-29T06:47:41.874Z] Copy action is disabled.
[2024-05-29T06:47:43.802Z] Copy action is disabled.
[2024-05-29T06:47:44.068Z] Copy action is disabled.
[2024-05-29T06:47:44.287Z] Copy action is disabled.
[2024-05-29T06:48:03.221Z] Paste action is disabled.
[2024-05-29T06:48:36.063Z] Switching applications is disabled.
[2024-05-29T06:48:39.321Z] Copy action is disabled.
[2024-05-29T06:48:41.450Z] Switching applications is disabled.
[2024-05-29T06:48:51.629Z] Copy action is disabled.
[2024-05-29T06:49:01.022Z] Copy action is disabled.
[2024-05-29T06:49:58.467Z] Paste action is disabled.
[2024-05-29T06:51:56.131Z] USB detection initialized.
[2024-05-29T06:51:56.754Z] Student joined in with {"studentID":"nr25432wq","ip":"106.213.175.21","city":"Surat","region":"Gujarat","country":"IN","location":"21.1959,72.8302","postal":"395005"}
[2024-05-29T06:51:57.652Z] Switching applications is disabled.
[2024-05-29T06:52:45.503Z] Paste action is disabled.
[2024-05-29T06:52:48.154Z] Switching applications is disabled.
[2024-05-29T06:53:22.309Z] Switching applications is disabled.
[2024-05-29T06:53:22.631Z] Switching applications is disabled.
[2024-05-29T06:55:14.798Z] Switching applications is disabled.
[2024-05-29T06:55:15.489Z] Switching applications is disabled.
[2024-05-29T06:55:17.896Z] Error fetching processes: Error: Command failed: ps aux

